This file contains any messages produced by compilers while
running configure, to aid debugging if configure makes a mistake.

It was created by ethercat configure 1.5.2, which was
generated by GNU Autoconf 2.71.  Invocation command line was

  $ ./configure --prefix=/usr/local/etherlab --disable-8139too --disable-eoe --enable-generic --with-linux-dir=/usr/src/linux-headers-5.15.0-1061-realtime

## --------- ##
## Platform. ##
## --------- ##

hostname = 111
uname -m = x86_64
uname -r = 5.15.0-1061-realtime
uname -s = Linux
uname -v = #69-Ubuntu SMP PREEMPT_RT Mon Apr 15 18:56:55 UTC 2024

/usr/bin/uname -p = x86_64
/bin/uname -X     = unknown

/bin/arch              = x86_64
/usr/bin/arch -k       = unknown
/usr/convex/getsysinfo = unknown
/usr/bin/hostinfo      = unknown
/bin/machine           = unknown
/usr/bin/oslevel       = unknown
/bin/universe          = unknown

PATH: /home/fudanrobotuser/.local/bin/
PATH: /opt/ros/humble/bin/
PATH: /usr/local/sbin/
PATH: /usr/local/bin/
PATH: /usr/sbin/
PATH: /usr/bin/
PATH: /sbin/
PATH: /bin/
PATH: /usr/games/
PATH: /usr/local/games/
PATH: /snap/bin/


## ----------- ##
## Core tests. ##
## ----------- ##

configure:2891: looking for aux files: config.guess config.sub ltmain.sh ar-lib compile missing install-sh
configure:2904:  trying ./autoconf/
configure:2933:   ./autoconf/config.guess found
configure:2933:   ./autoconf/config.sub found
configure:2933:   ./autoconf/ltmain.sh found
configure:2933:   ./autoconf/ar-lib found
configure:2933:   ./autoconf/compile found
configure:2933:   ./autoconf/missing found
configure:2915:   ./autoconf/install-sh found
configure:3063: checking for a BSD-compatible install
configure:3136: result: /usr/bin/install -c
configure:3147: checking whether build environment is sane
configure:3202: result: yes
configure:3361: checking for a race-free mkdir -p
configure:3405: result: /usr/bin/mkdir -p
configure:3412: checking for gawk
configure:3433: found /usr/bin/gawk
configure:3444: result: gawk
configure:3455: checking whether make sets $(MAKE)
configure:3478: result: yes
configure:3508: checking whether make supports nested variables
configure:3526: result: yes
configure:3674: checking whether make supports nested variables
configure:3692: result: yes
configure:3707: checking for a sed that does not truncate output
configure:3777: result: /usr/bin/sed
configure:3841: checking for pkg-config
configure:3864: found /usr/bin/pkg-config
configure:3876: result: /usr/bin/pkg-config
configure:3901: checking pkg-config is at least version 0.9.0
configure:3904: result: yes
configure:3946: checking whether make supports the include directive
configure:3961: make -f confmf.GNU && cat confinc.out
this is the am__doit target
configure:3964: $? = 0
configure:3983: result: yes (GNU style)
configure:4059: checking for gcc
configure:4080: found /usr/bin/gcc
configure:4091: result: gcc
configure:4444: checking for C compiler version
configure:4453: gcc --version >&5
gcc (Ubuntu 11.4.0-1ubuntu1~22.04) 11.4.0
Copyright (C) 2021 Free Software Foundation, Inc.
This is free software; see the source for copying conditions.  There is NO
warranty; not even for MERCHANTABILITY or FITNESS FOR A PARTICULAR PURPOSE.

configure:4464: $? = 0
configure:4453: gcc -v >&5
Using built-in specs.
COLLECT_GCC=gcc
COLLECT_LTO_WRAPPER=/usr/lib/gcc/x86_64-linux-gnu/11/lto-wrapper
OFFLOAD_TARGET_NAMES=nvptx-none:amdgcn-amdhsa
OFFLOAD_TARGET_DEFAULT=1
Target: x86_64-linux-gnu
Configured with: ../src/configure -v --with-pkgversion='Ubuntu 11.4.0-1ubuntu1~22.04' --with-bugurl=file:///usr/share/doc/gcc-11/README.Bugs --enable-languages=c,ada,c++,go,brig,d,fortran,objc,obj-c++,m2 --prefix=/usr --with-gcc-major-version-only --program-suffix=-11 --program-prefix=x86_64-linux-gnu- --enable-shared --enable-linker-build-id --libexecdir=/usr/lib --without-included-gettext --enable-threads=posix --libdir=/usr/lib --enable-nls --enable-bootstrap --enable-clocale=gnu --enable-libstdcxx-debug --enable-libstdcxx-time=yes --with-default-libstdcxx-abi=new --enable-gnu-unique-object --disable-vtable-verify --enable-plugin --enable-default-pie --with-system-zlib --enable-libphobos-checking=release --with-target-system-zlib=auto --enable-objc-gc=auto --enable-multiarch --disable-werror --enable-cet --with-arch-32=i686 --with-abi=m64 --with-multilib-list=m32,m64,mx32 --enable-multilib --with-tune=generic --enable-offload-targets=nvptx-none=/build/gcc-11-XeT9lY/gcc-11-11.4.0/debian/tmp-nvptx/usr,amdgcn-amdhsa=/build/gcc-11-XeT9lY/gcc-11-11.4.0/debian/tmp-gcn/usr --without-cuda-driver --enable-checking=release --build=x86_64-linux-gnu --host=x86_64-linux-gnu --target=x86_64-linux-gnu --with-build-config=bootstrap-lto-lean --enable-link-serialization=2
Thread model: posix
Supported LTO compression algorithms: zlib zstd
gcc version 11.4.0 (Ubuntu 11.4.0-1ubuntu1~22.04) 
... rest of stderr output deleted ...
configure:4464: $? = 0
configure:4453: gcc -V >&5
gcc: error: unrecognized command-line option '-V'
gcc: fatal error: no input files
compilation terminated.
configure:4464: $? = 1
configure:4453: gcc -qversion >&5
gcc: error: unrecognized command-line option '-qversion'; did you mean '--version'?
gcc: fatal error: no input files
compilation terminated.
configure:4464: $? = 1
configure:4453: gcc -version >&5
gcc: error: unrecognized command-line option '-version'
gcc: fatal error: no input files
compilation terminated.
configure:4464: $? = 1
configure:4484: checking whether the C compiler works
configure:4506: gcc    conftest.c  >&5
configure:4510: $? = 0
configure:4560: result: yes
configure:4563: checking for C compiler default output file name
configure:4565: result: a.out
configure:4571: checking for suffix of executables
configure:4578: gcc -o conftest    conftest.c  >&5
configure:4582: $? = 0
configure:4605: result: 
configure:4627: checking whether we are cross compiling
configure:4635: gcc -o conftest    conftest.c  >&5
configure:4639: $? = 0
configure:4646: ./conftest
configure:4650: $? = 0
configure:4665: result: no
configure:4670: checking for suffix of object files
configure:4693: gcc -c   conftest.c >&5
configure:4697: $? = 0
configure:4719: result: o
configure:4723: checking whether the compiler supports GNU C
configure:4743: gcc -c   conftest.c >&5
configure:4743: $? = 0
configure:4753: result: yes
configure:4764: checking whether gcc accepts -g
configure:4785: gcc -c -g  conftest.c >&5
configure:4785: $? = 0
configure:4829: result: yes
configure:4849: checking for gcc option to enable C11 features
configure:4864: gcc  -c -g -O2  conftest.c >&5
configure:4864: $? = 0
configure:4882: result: none needed
configure:4998: checking whether gcc understands -c and -o together
configure:5021: gcc -c conftest.c -o conftest2.o
configure:5024: $? = 0
configure:5021: gcc -c conftest.c -o conftest2.o
configure:5024: $? = 0
configure:5036: result: yes
configure:5055: checking dependency style of gcc
configure:5167: result: gcc3
configure:5239: checking for ar
configure:5260: found /usr/bin/ar
configure:5271: result: ar
configure:5297: checking the archiver (ar) interface
configure:5314: gcc -c -g -O2  conftest.c >&5
configure:5314: $? = 0
configure:5317: ar cru libconftest.a conftest.o >&5
ar: `u' modifier ignored since `D' is the default (see `U')
configure:5320: $? = 0
configure:5348: result: ar
configure:5437: checking for g++
configure:5458: found /usr/bin/g++
configure:5469: result: g++
configure:5496: checking for C++ compiler version
configure:5505: g++ --version >&5
g++ (Ubuntu 11.4.0-1ubuntu1~22.04) 11.4.0
Copyright (C) 2021 Free Software Foundation, Inc.
This is free software; see the source for copying conditions.  There is NO
warranty; not even for MERCHANTABILITY or FITNESS FOR A PARTICULAR PURPOSE.

configure:5516: $? = 0
configure:5505: g++ -v >&5
Using built-in specs.
COLLECT_GCC=g++
COLLECT_LTO_WRAPPER=/usr/lib/gcc/x86_64-linux-gnu/11/lto-wrapper
OFFLOAD_TARGET_NAMES=nvptx-none:amdgcn-amdhsa
OFFLOAD_TARGET_DEFAULT=1
Target: x86_64-linux-gnu
Configured with: ../src/configure -v --with-pkgversion='Ubuntu 11.4.0-1ubuntu1~22.04' --with-bugurl=file:///usr/share/doc/gcc-11/README.Bugs --enable-languages=c,ada,c++,go,brig,d,fortran,objc,obj-c++,m2 --prefix=/usr --with-gcc-major-version-only --program-suffix=-11 --program-prefix=x86_64-linux-gnu- --enable-shared --enable-linker-build-id --libexecdir=/usr/lib --without-included-gettext --enable-threads=posix --libdir=/usr/lib --enable-nls --enable-bootstrap --enable-clocale=gnu --enable-libstdcxx-debug --enable-libstdcxx-time=yes --with-default-libstdcxx-abi=new --enable-gnu-unique-object --disable-vtable-verify --enable-plugin --enable-default-pie --with-system-zlib --enable-libphobos-checking=release --with-target-system-zlib=auto --enable-objc-gc=auto --enable-multiarch --disable-werror --enable-cet --with-arch-32=i686 --with-abi=m64 --with-multilib-list=m32,m64,mx32 --enable-multilib --with-tune=generic --enable-offload-targets=nvptx-none=/build/gcc-11-XeT9lY/gcc-11-11.4.0/debian/tmp-nvptx/usr,amdgcn-amdhsa=/build/gcc-11-XeT9lY/gcc-11-11.4.0/debian/tmp-gcn/usr --without-cuda-driver --enable-checking=release --build=x86_64-linux-gnu --host=x86_64-linux-gnu --target=x86_64-linux-gnu --with-build-config=bootstrap-lto-lean --enable-link-serialization=2
Thread model: posix
Supported LTO compression algorithms: zlib zstd
gcc version 11.4.0 (Ubuntu 11.4.0-1ubuntu1~22.04) 
... rest of stderr output deleted ...
configure:5516: $? = 0
configure:5505: g++ -V >&5
g++: error: unrecognized command-line option '-V'
g++: fatal error: no input files
compilation terminated.
configure:5516: $? = 1
configure:5505: g++ -qversion >&5
g++: error: unrecognized command-line option '-qversion'; did you mean '--version'?
g++: fatal error: no input files
compilation terminated.
configure:5516: $? = 1
configure:5520: checking whether the compiler supports GNU C++
configure:5540: g++ -c   conftest.cpp >&5
configure:5540: $? = 0
configure:5550: result: yes
configure:5561: checking whether g++ accepts -g
configure:5582: g++ -c -g  conftest.cpp >&5
configure:5582: $? = 0
configure:5626: result: yes
configure:5646: checking for g++ option to enable C++11 features
configure:5661: g++  -c -g -O2  conftest.cpp >&5
conftest.cpp: In function 'int main(int, char**)':
conftest.cpp:177:25: warning: empty parentheses were disambiguated as a function declaration [-Wvexing-parse]
  177 |   cxx11test::delegate d2();
      |                         ^~
conftest.cpp:177:25: note: remove parentheses to default-initialize a variable
  177 |   cxx11test::delegate d2();
      |                         ^~
      |                         --
conftest.cpp:177:25: note: or replace parentheses with braces to value-initialize a variable
configure:5661: $? = 0
configure:5679: result: none needed
configure:5745: checking dependency style of g++
configure:5857: result: gcc3
configure:5904: checking build system type
configure:5919: result: x86_64-pc-linux-gnu
configure:5939: checking host system type
configure:5953: result: x86_64-pc-linux-gnu
configure:5994: checking how to print strings
configure:6021: result: printf
configure:6042: checking for a sed that does not truncate output
configure:6112: result: /usr/bin/sed
configure:6130: checking for grep that handles long lines and -e
configure:6194: result: /usr/bin/grep
configure:6199: checking for egrep
configure:6267: result: /usr/bin/grep -E
configure:6272: checking for fgrep
configure:6340: result: /usr/bin/grep -F
configure:6376: checking for ld used by gcc
configure:6444: result: /usr/bin/ld
configure:6451: checking if the linker (/usr/bin/ld) is GNU ld
configure:6467: result: yes
configure:6479: checking for BSD- or MS-compatible name lister (nm)
configure:6534: result: /usr/bin/nm -B
configure:6674: checking the name lister (/usr/bin/nm -B) interface
configure:6682: gcc -c -g -O2  conftest.c >&5
configure:6685: /usr/bin/nm -B "conftest.o"
configure:6688: output
0000000000000000 B some_variable
configure:6695: result: BSD nm
configure:6698: checking whether ln -s works
configure:6702: result: yes
configure:6710: checking the maximum length of command line arguments
configure:6842: result: 1572864
configure:6890: checking how to convert x86_64-pc-linux-gnu file names to x86_64-pc-linux-gnu format
configure:6931: result: func_convert_file_noop
configure:6938: checking how to convert x86_64-pc-linux-gnu file names to toolchain format
configure:6959: result: func_convert_file_noop
configure:6966: checking for /usr/bin/ld option to reload object files
configure:6974: result: -r
configure:7053: checking for objdump
configure:7074: found /usr/bin/objdump
configure:7085: result: objdump
configure:7117: checking how to recognize dependent libraries
configure:7318: result: pass_all
configure:7408: checking for dlltool
configure:7443: result: no
configure:7473: checking how to associate runtime and link libraries
configure:7501: result: printf %s\n
configure:7635: checking for archiver @FILE support
configure:7653: gcc -c -g -O2  conftest.c >&5
configure:7653: $? = 0
configure:7657: ar cr libconftest.a @conftest.lst >&5
configure:7660: $? = 0
configure:7665: ar cr libconftest.a @conftest.lst >&5
ar: conftest.o: No such file or directory
configure:7668: $? = 1
configure:7680: result: @
configure:7743: checking for strip
configure:7764: found /usr/bin/strip
configure:7775: result: strip
configure:7852: checking for ranlib
configure:7873: found /usr/bin/ranlib
configure:7884: result: ranlib
configure:7986: checking command to parse /usr/bin/nm -B output from gcc object
configure:8140: gcc -c -g -O2  conftest.c >&5
configure:8143: $? = 0
configure:8147: /usr/bin/nm -B conftest.o | sed -n -e 's/^.*[	 ]\([ABCDGIRSTW][ABCDGIRSTW]*\)[	 ][	 ]*\([_A-Za-z][_A-Za-z0-9]*\)$/\1 \2 \2/p' | sed '/ __gnu_lto/d' > conftest.nm
configure:8213: gcc -o conftest -g -O2   conftest.c conftstm.o >&5
configure:8216: $? = 0
configure:8254: result: ok
configure:8301: checking for sysroot
configure:8332: result: no
configure:8339: checking for a working dd
configure:8383: result: /usr/bin/dd
configure:8387: checking how to truncate binary pipes
configure:8403: result: /usr/bin/dd bs=4096 count=1
configure:8540: gcc -c -g -O2  conftest.c >&5
configure:8543: $? = 0
configure:8740: checking for mt
configure:8761: found /usr/bin/mt
configure:8772: result: mt
configure:8795: checking if mt is a manifest tool
configure:8802: mt '-?'
configure:8810: result: no
configure:9540: checking for stdio.h
configure:9540: gcc -c -g -O2  conftest.c >&5
configure:9540: $? = 0
configure:9540: result: yes
configure:9540: checking for stdlib.h
configure:9540: gcc -c -g -O2  conftest.c >&5
configure:9540: $? = 0
configure:9540: result: yes
configure:9540: checking for string.h
configure:9540: gcc -c -g -O2  conftest.c >&5
configure:9540: $? = 0
configure:9540: result: yes
configure:9540: checking for inttypes.h
configure:9540: gcc -c -g -O2  conftest.c >&5
configure:9540: $? = 0
configure:9540: result: yes
configure:9540: checking for stdint.h
configure:9540: gcc -c -g -O2  conftest.c >&5
configure:9540: $? = 0
configure:9540: result: yes
configure:9540: checking for strings.h
configure:9540: gcc -c -g -O2  conftest.c >&5
configure:9540: $? = 0
configure:9540: result: yes
configure:9540: checking for sys/stat.h
configure:9540: gcc -c -g -O2  conftest.c >&5
configure:9540: $? = 0
configure:9540: result: yes
configure:9540: checking for sys/types.h
configure:9540: gcc -c -g -O2  conftest.c >&5
configure:9540: $? = 0
configure:9540: result: yes
configure:9540: checking for unistd.h
configure:9540: gcc -c -g -O2  conftest.c >&5
configure:9540: $? = 0
configure:9540: result: yes
configure:9565: checking for dlfcn.h
configure:9565: gcc -c -g -O2  conftest.c >&5
configure:9565: $? = 0
configure:9565: result: yes
configure:9835: checking for objdir
configure:9851: result: .libs
configure:10115: checking if gcc supports -fno-rtti -fno-exceptions
configure:10134: gcc -c -g -O2  -fno-rtti -fno-exceptions conftest.c >&5
cc1: warning: command-line option '-fno-rtti' is valid for C++/D/ObjC++ but not for C
configure:10138: $? = 0
configure:10151: result: no
configure:10515: checking for gcc option to produce PIC
configure:10523: result: -fPIC -DPIC
configure:10531: checking if gcc PIC flag -fPIC -DPIC works
configure:10550: gcc -c -g -O2  -fPIC -DPIC -DPIC conftest.c >&5
configure:10554: $? = 0
configure:10567: result: yes
configure:10596: checking if gcc static flag -static works
configure:10625: result: yes
configure:10640: checking if gcc supports -c -o file.o
configure:10662: gcc -c -g -O2  -o out/conftest2.o conftest.c >&5
configure:10666: $? = 0
configure:10688: result: yes
configure:10696: checking if gcc supports -c -o file.o
configure:10744: result: yes
configure:10777: checking whether the gcc linker (/usr/bin/ld -m elf_x86_64) supports shared libraries
configure:12047: result: yes
configure:12084: checking whether -lc should be explicitly linked in
configure:12093: gcc -c -g -O2  conftest.c >&5
configure:12096: $? = 0
configure:12111: gcc -shared  -fPIC -DPIC conftest.o  -v -Wl,-soname -Wl,conftest -o conftest 2\>\&1 \| /usr/bin/grep  -lc  \>/dev/null 2\>\&1
configure:12114: $? = 0
configure:12128: result: no
configure:12288: checking dynamic linker characteristics
configure:12870: gcc -o conftest -g -O2   -Wl,-rpath -Wl,/foo conftest.c  >&5
configure:12870: $? = 0
configure:13121: result: GNU/Linux ld.so
configure:13243: checking how to hardcode library paths into programs
configure:13268: result: immediate
configure:13820: checking whether stripping libraries is possible
configure:13825: result: yes
configure:13860: checking if libtool supports shared libraries
configure:13862: result: yes
configure:13865: checking whether to build shared libraries
configure:13890: result: yes
configure:13893: checking whether to build static libraries
configure:13897: result: yes
configure:13920: checking how to run the C++ preprocessor
configure:13942: g++ -E  conftest.cpp
configure:13942: $? = 0
configure:13957: g++ -E  conftest.cpp
conftest.cpp:23:10: fatal error: ac_nonexistent.h: No such file or directory
   23 | #include <ac_nonexistent.h>
      |          ^~~~~~~~~~~~~~~~~~
compilation terminated.
configure:13957: $? = 1
configure: failed program was:
| /* confdefs.h */
| #define PACKAGE_NAME "ethercat"
| #define PACKAGE_TARNAME "ethercat"
| #define PACKAGE_VERSION "1.5.2"
| #define PACKAGE_STRING "ethercat 1.5.2"
| #define PACKAGE_BUGREPORT "fp@igh.de"
| #define PACKAGE_URL ""
| #define PACKAGE "ethercat"
| #define VERSION "1.5.2"
| #define HAVE_STDIO_H 1
| #define HAVE_STDLIB_H 1
| #define HAVE_STRING_H 1
| #define HAVE_INTTYPES_H 1
| #define HAVE_STDINT_H 1
| #define HAVE_STRINGS_H 1
| #define HAVE_SYS_STAT_H 1
| #define HAVE_SYS_TYPES_H 1
| #define HAVE_UNISTD_H 1
| #define STDC_HEADERS 1
| #define HAVE_DLFCN_H 1
| #define LT_OBJDIR ".libs/"
| /* end confdefs.h.  */
| #include <ac_nonexistent.h>
configure:13984: result: g++ -E
configure:13998: g++ -E  conftest.cpp
configure:13998: $? = 0
configure:14013: g++ -E  conftest.cpp
conftest.cpp:23:10: fatal error: ac_nonexistent.h: No such file or directory
   23 | #include <ac_nonexistent.h>
      |          ^~~~~~~~~~~~~~~~~~
compilation terminated.
configure:14013: $? = 1
configure: failed program was:
| /* confdefs.h */
| #define PACKAGE_NAME "ethercat"
| #define PACKAGE_TARNAME "ethercat"
| #define PACKAGE_VERSION "1.5.2"
| #define PACKAGE_STRING "ethercat 1.5.2"
| #define PACKAGE_BUGREPORT "fp@igh.de"
| #define PACKAGE_URL ""
| #define PACKAGE "ethercat"
| #define VERSION "1.5.2"
| #define HAVE_STDIO_H 1
| #define HAVE_STDLIB_H 1
| #define HAVE_STRING_H 1
| #define HAVE_INTTYPES_H 1
| #define HAVE_STDINT_H 1
| #define HAVE_STRINGS_H 1
| #define HAVE_SYS_STAT_H 1
| #define HAVE_SYS_TYPES_H 1
| #define HAVE_UNISTD_H 1
| #define STDC_HEADERS 1
| #define HAVE_DLFCN_H 1
| #define LT_OBJDIR ".libs/"
| /* end confdefs.h.  */
| #include <ac_nonexistent.h>
configure:14178: checking for ld used by g++
configure:14246: result: /usr/bin/ld -m elf_x86_64
configure:14253: checking if the linker (/usr/bin/ld -m elf_x86_64) is GNU ld
configure:14269: result: yes
configure:14324: checking whether the g++ linker (/usr/bin/ld -m elf_x86_64) supports shared libraries
configure:15401: result: yes
configure:15437: g++ -c -g -O2  conftest.cpp >&5
configure:15440: $? = 0
configure:15921: checking for g++ option to produce PIC
configure:15929: result: -fPIC -DPIC
configure:15937: checking if g++ PIC flag -fPIC -DPIC works
configure:15956: g++ -c -g -O2  -fPIC -DPIC -DPIC conftest.cpp >&5
configure:15960: $? = 0
configure:15973: result: yes
configure:15996: checking if g++ static flag -static works
configure:16025: result: yes
configure:16037: checking if g++ supports -c -o file.o
configure:16059: g++ -c -g -O2  -o out/conftest2.o conftest.cpp >&5
configure:16063: $? = 0
configure:16085: result: yes
configure:16090: checking if g++ supports -c -o file.o
configure:16138: result: yes
configure:16168: checking whether the g++ linker (/usr/bin/ld -m elf_x86_64) supports shared libraries
configure:16211: result: yes
configure:16353: checking dynamic linker characteristics
configure:17113: result: GNU/Linux ld.so
configure:17178: checking how to hardcode library paths into programs
configure:17203: result: immediate
configure:17269: checking whether to build kernel modules
configure:17292: result: yes
configure:17337: checking for Linux kernel sources
configure:17374: result: /usr/src/linux-headers-5.15.0-1061-realtime (Kernel 5.15)
configure:17396: checking for Linux modules installation directory
configure:17398: result: ethercat
configure:18020: checking whether to build the CCAT driver
configure:18046: result: no
configure:18082: checking for RTAI path
configure:18086: result: not specified.
configure:18138: checking for Xenomai path
configure:18142: result: not specified.
configure:18208: checking whether to build RTDM interface
configure:18218: result: no
configure:18237: checking whether to build the debug interface
configure:18266: result: no
configure:18285: checking whether to build the debug ring
configure:18314: result: no
configure:18322: checking whether to build with EoE support
configure:18351: result: no
configure:18370: checking whether to use the CPU timestamp counter
configure:18399: result: no
configure:18407: checking whether to use high-resolution timers for scheduling
configure:18436: result: no
configure:18444: checking whether to read alias addresses from registers
configure:18473: result: no
configure:18481: checking whether to build the command-line tool
configure:18504: result: yes
configure:18524: checking whether to build the userspace library
configure:18547: result: yes
configure:18567: checking whether to build the tty driver
configure:18593: result: no
configure:18612: checking whether to allow identification wildcards
configure:18641: result: no
configure:18664: checking for number of Ethernet devices
configure:18674: result: 1 (Redundancy disabled)
configure:18687: checking whether to assign the SII to PDI
configure:18713: result: yes
configure:18724: checking whether to syslog in realtime context
configure:18750: result: yes
configure:18903: checking that generated files are newer than configure
configure:18909: result: done
configure:19016: creating ./config.status

## ---------------------- ##
## Running config.status. ##
## ---------------------- ##

This file was extended by ethercat config.status 1.5.2, which was
generated by GNU Autoconf 2.71.  Invocation command line was

  CONFIG_FILES    = 
  CONFIG_HEADERS  = 
  CONFIG_LINKS    = 
  CONFIG_COMMANDS = 
  $ ./config.status 

on 111

config.status:1276: creating Doxyfile
config.status:1276: creating Kbuild
config.status:1276: creating Makefile
config.status:1276: creating devices/Kbuild
config.status:1276: creating devices/Makefile
config.status:1276: creating devices/ccat/Kbuild
config.status:1276: creating devices/ccat/Makefile
config.status:1276: creating devices/e1000/Kbuild
config.status:1276: creating devices/e1000/Makefile
config.status:1276: creating devices/e1000e/Kbuild
config.status:1276: creating devices/e1000e/Makefile
config.status:1276: creating devices/genet/Kbuild
config.status:1276: creating devices/genet/Makefile
config.status:1276: creating devices/igb/Kbuild
config.status:1276: creating devices/igb/Makefile
config.status:1276: creating devices/igc/Kbuild
config.status:1276: creating devices/igc/Makefile
config.status:1276: creating devices/r8169/Kbuild
config.status:1276: creating devices/r8169/Makefile
config.status:1276: creating ethercat.spec
config.status:1276: creating examples/Kbuild
config.status:1276: creating examples/Makefile
config.status:1276: creating examples/dc_rtai/Kbuild
config.status:1276: creating examples/dc_rtai/Makefile
config.status:1276: creating examples/dc_user/Makefile
config.status:1276: creating examples/mini/Kbuild
config.status:1276: creating examples/mini/Makefile
config.status:1276: creating examples/rtai/Kbuild
config.status:1276: creating examples/rtai/Makefile
config.status:1276: creating examples/rtai_rtdm/Makefile
config.status:1276: creating examples/rtai_rtdm_dc/Makefile
config.status:1276: creating examples/tty/Kbuild
config.status:1276: creating examples/tty/Makefile
config.status:1276: creating examples/user/Makefile
config.status:1276: creating examples/xenomai/Makefile
config.status:1276: creating examples/xenomai_posix/Makefile
config.status:1276: creating include/Makefile
config.status:1276: creating lib/Makefile
config.status:1276: creating lib/libethercat.pc
config.status:1276: creating master/Kbuild
config.status:1276: creating master/Makefile
config.status:1276: creating script/Makefile
config.status:1276: creating script/init.d/Makefile
config.status:1276: creating script/init.d/ethercat
config.status:1276: creating script/sysconfig/Makefile
config.status:1276: creating tool/Makefile
config.status:1276: creating tty/Kbuild
config.status:1276: creating tty/Makefile
config.status:1276: creating config.h
config.status:1457: config.h is unchanged
config.status:1505: executing depfiles commands
config.status:1582: cd examples/dc_user       && sed -e '/# am--include-marker/d' Makefile         | make -f - am--depfiles
config.status:1587: $? = 0
config.status:1582: cd examples/rtai_rtdm       && sed -e '/# am--include-marker/d' Makefile         | make -f - am--depfiles
make: Nothing to be done for 'am--depfiles'.
config.status:1587: $? = 0
config.status:1582: cd examples/rtai_rtdm_dc       && sed -e '/# am--include-marker/d' Makefile         | make -f - am--depfiles
make: Nothing to be done for 'am--depfiles'.
config.status:1587: $? = 0
config.status:1582: cd examples/user       && sed -e '/# am--include-marker/d' Makefile         | make -f - am--depfiles
make: Nothing to be done for 'am--depfiles'.
config.status:1587: $? = 0
config.status:1582: cd examples/xenomai       && sed -e '/# am--include-marker/d' Makefile         | make -f - am--depfiles
make: Nothing to be done for 'am--depfiles'.
config.status:1587: $? = 0
config.status:1582: cd examples/xenomai_posix       && sed -e '/# am--include-marker/d' Makefile         | make -f - am--depfiles
make: Nothing to be done for 'am--depfiles'.
config.status:1587: $? = 0
config.status:1582: cd lib       && sed -e '/# am--include-marker/d' Makefile         | make -f - am--depfiles
make: Nothing to be done for 'am--depfiles'.
config.status:1587: $? = 0
config.status:1582: cd tool       && sed -e '/# am--include-marker/d' Makefile         | make -f - am--depfiles
make: Nothing to be done for 'am--depfiles'.
config.status:1587: $? = 0
config.status:1505: executing libtool commands

## ---------------- ##
## Cache variables. ##
## ---------------- ##

ac_cv_build=x86_64-pc-linux-gnu
ac_cv_c_compiler_gnu=yes
ac_cv_cxx_compiler_gnu=yes
ac_cv_env_CCC_set=
ac_cv_env_CCC_value=
ac_cv_env_CC_set=
ac_cv_env_CC_value=
ac_cv_env_CFLAGS_set=
ac_cv_env_CFLAGS_value=
ac_cv_env_CPPFLAGS_set=
ac_cv_env_CPPFLAGS_value=
ac_cv_env_CXXCPP_set=
ac_cv_env_CXXCPP_value=
ac_cv_env_CXXFLAGS_set=
ac_cv_env_CXXFLAGS_value=
ac_cv_env_CXX_set=
ac_cv_env_CXX_value=
ac_cv_env_LDFLAGS_set=
ac_cv_env_LDFLAGS_value=
ac_cv_env_LIBS_set=
ac_cv_env_LIBS_value=
ac_cv_env_LT_SYS_LIBRARY_PATH_set=
ac_cv_env_LT_SYS_LIBRARY_PATH_value=
ac_cv_env_PKG_CONFIG_LIBDIR_set=
ac_cv_env_PKG_CONFIG_LIBDIR_value=
ac_cv_env_PKG_CONFIG_PATH_set=
ac_cv_env_PKG_CONFIG_PATH_value=
ac_cv_env_PKG_CONFIG_set=
ac_cv_env_PKG_CONFIG_value=
ac_cv_env_build_alias_set=
ac_cv_env_build_alias_value=
ac_cv_env_host_alias_set=
ac_cv_env_host_alias_value=
ac_cv_env_target_alias_set=
ac_cv_env_target_alias_value=
ac_cv_header_dlfcn_h=yes
ac_cv_header_inttypes_h=yes
ac_cv_header_stdint_h=yes
ac_cv_header_stdio_h=yes
ac_cv_header_stdlib_h=yes
ac_cv_header_string_h=yes
ac_cv_header_strings_h=yes
ac_cv_header_sys_stat_h=yes
ac_cv_header_sys_types_h=yes
ac_cv_header_unistd_h=yes
ac_cv_host=x86_64-pc-linux-gnu
ac_cv_objext=o
ac_cv_path_EGREP='/usr/bin/grep -E'
ac_cv_path_FGREP='/usr/bin/grep -F'
ac_cv_path_GREP=/usr/bin/grep
ac_cv_path_SED=/usr/bin/sed
ac_cv_path_ac_pt_PKG_CONFIG=/usr/bin/pkg-config
ac_cv_path_install='/usr/bin/install -c'
ac_cv_path_lt_DD=/usr/bin/dd
ac_cv_path_mkdir=/usr/bin/mkdir
ac_cv_prog_AWK=gawk
ac_cv_prog_CXXCPP='g++ -E'
ac_cv_prog_ac_ct_AR=ar
ac_cv_prog_ac_ct_CC=gcc
ac_cv_prog_ac_ct_CXX=g++
ac_cv_prog_ac_ct_MANIFEST_TOOL=mt
ac_cv_prog_ac_ct_OBJDUMP=objdump
ac_cv_prog_ac_ct_RANLIB=ranlib
ac_cv_prog_ac_ct_STRIP=strip
ac_cv_prog_cc_c11=
ac_cv_prog_cc_g=yes
ac_cv_prog_cc_stdc=
ac_cv_prog_cxx_11=no
ac_cv_prog_cxx_cxx11=
ac_cv_prog_cxx_g=yes
ac_cv_prog_cxx_stdcxx=
ac_cv_prog_make_make_set=yes
am_cv_CC_dependencies_compiler_type=gcc3
am_cv_CXX_dependencies_compiler_type=gcc3
am_cv_ar_interface=ar
am_cv_make_support_nested_variables=yes
am_cv_prog_cc_c_o=yes
lt_cv_ar_at_file=@
lt_cv_archive_cmds_need_lc=no
lt_cv_deplibs_check_method=pass_all
lt_cv_file_magic_cmd='$MAGIC_CMD'
lt_cv_file_magic_test_file=
lt_cv_ld_reload_flag=-r
lt_cv_nm_interface='BSD nm'
lt_cv_objdir=.libs
lt_cv_path_LD=/usr/bin/ld
lt_cv_path_LDCXX='/usr/bin/ld -m elf_x86_64'
lt_cv_path_NM='/usr/bin/nm -B'
lt_cv_path_mainfest_tool=no
lt_cv_prog_compiler_c_o=yes
lt_cv_prog_compiler_c_o_CXX=yes
lt_cv_prog_compiler_pic='-fPIC -DPIC'
lt_cv_prog_compiler_pic_CXX='-fPIC -DPIC'
lt_cv_prog_compiler_pic_works=yes
lt_cv_prog_compiler_pic_works_CXX=yes
lt_cv_prog_compiler_rtti_exceptions=no
lt_cv_prog_compiler_static_works=yes
lt_cv_prog_compiler_static_works_CXX=yes
lt_cv_prog_gnu_ld=yes
lt_cv_prog_gnu_ldcxx=yes
lt_cv_sharedlib_from_linklib_cmd='printf %s\n'
lt_cv_shlibpath_overrides_runpath=yes
lt_cv_sys_global_symbol_pipe='sed -n -e '\''s/^.*[	 ]\([ABCDGIRSTW][ABCDGIRSTW]*\)[	 ][	 ]*\([_A-Za-z][_A-Za-z0-9]*\)$/\1 \2 \2/p'\'' | sed '\''/ __gnu_lto/d'\'''
lt_cv_sys_global_symbol_to_c_name_address='sed -n -e '\''s/^: \(.*\) .*$/  {"\1", (void *) 0},/p'\'' -e '\''s/^[ABCDGIRSTW][ABCDGIRSTW]* .* \(.*\)$/  {"\1", (void *) \&\1},/p'\'''
lt_cv_sys_global_symbol_to_c_name_address_lib_prefix='sed -n -e '\''s/^: \(.*\) .*$/  {"\1", (void *) 0},/p'\'' -e '\''s/^[ABCDGIRSTW][ABCDGIRSTW]* .* \(lib.*\)$/  {"\1", (void *) \&\1},/p'\'' -e '\''s/^[ABCDGIRSTW][ABCDGIRSTW]* .* \(.*\)$/  {"lib\1", (void *) \&\1},/p'\'''
lt_cv_sys_global_symbol_to_cdecl='sed -n -e '\''s/^T .* \(.*\)$/extern int \1();/p'\'' -e '\''s/^[ABCDGIRSTW][ABCDGIRSTW]* .* \(.*\)$/extern char \1;/p'\'''
lt_cv_sys_global_symbol_to_import=
lt_cv_sys_max_cmd_len=1572864
lt_cv_to_host_file_cmd=func_convert_file_noop
lt_cv_to_tool_file_cmd=func_convert_file_noop
lt_cv_truncate_bin='/usr/bin/dd bs=4096 count=1'

## ----------------- ##
## Output variables. ##
## ----------------- ##

ACLOCAL='${SHELL} '\''/home/fudanrobotuser/github/igh/ethercat/autoconf/missing'\'' aclocal-1.16'
AMDEPBACKSLASH='\'
AMDEP_FALSE='#'
AMDEP_TRUE=''
AMTAR='$${TAR-tar}'
AM_BACKSLASH='\'
AM_DEFAULT_V='$(AM_DEFAULT_VERBOSITY)'
AM_DEFAULT_VERBOSITY='0'
AM_V='$(V)'
AR='ar'
AUTOCONF='${SHELL} '\''/home/fudanrobotuser/github/igh/ethercat/autoconf/missing'\'' autoconf'
AUTOHEADER='${SHELL} '\''/home/fudanrobotuser/github/igh/ethercat/autoconf/missing'\'' autoheader'
AUTOMAKE='${SHELL} '\''/home/fudanrobotuser/github/igh/ethercat/autoconf/missing'\'' automake-1.16'
AWK='gawk'
BUILD_TOOL_FALSE='#'
BUILD_TOOL_TRUE=''
CC='gcc'
CCDEPMODE='depmode=gcc3'
CFLAGS='-g -O2'
CPPFLAGS=''
CSCOPE='cscope'
CTAGS='ctags'
CXX='g++'
CXXCPP='g++ -E'
CXXDEPMODE='depmode=gcc3'
CXXFLAGS='-g -O2'
CYGPATH_W='echo'
DEFS='-DHAVE_CONFIG_H'
DEPDIR='.deps'
DLLTOOL='false'
DSYMUTIL=''
DUMPBIN=''
E1000E_LAYOUT='0'
ECHO_C=''
ECHO_N='-n'
ECHO_T=''
EGREP='/usr/bin/grep -E'
ENABLE_8139TOO='0'
ENABLE_8139TOO_FALSE=''
ENABLE_8139TOO_TRUE='#'
ENABLE_CCAT='0'
ENABLE_CCAT_FALSE=''
ENABLE_CCAT_TRUE='#'
ENABLE_DEBUG_IF='0'
ENABLE_DEBUG_IF_FALSE=''
ENABLE_DEBUG_IF_TRUE='#'
ENABLE_E1000='0'
ENABLE_E1000E='0'
ENABLE_E1000E_FALSE=''
ENABLE_E1000E_TRUE='#'
ENABLE_E1000_FALSE=''
ENABLE_E1000_TRUE='#'
ENABLE_E100='0'
ENABLE_E100_FALSE=''
ENABLE_E100_TRUE='#'
ENABLE_EOE='0'
ENABLE_EOE_FALSE=''
ENABLE_EOE_TRUE='#'
ENABLE_GENERIC='1'
ENABLE_GENERIC_FALSE='#'
ENABLE_GENERIC_TRUE=''
ENABLE_GENET='0'
ENABLE_GENET_FALSE=''
ENABLE_GENET_TRUE='#'
ENABLE_IGB='0'
ENABLE_IGB_FALSE=''
ENABLE_IGB_TRUE='#'
ENABLE_IGC='0'
ENABLE_IGC_FALSE=''
ENABLE_IGC_TRUE='#'
ENABLE_KERNEL='1'
ENABLE_KERNEL_FALSE='#'
ENABLE_KERNEL_TRUE=''
ENABLE_R8169='0'
ENABLE_R8169_FALSE=''
ENABLE_R8169_TRUE='#'
ENABLE_RTAI='0'
ENABLE_RTAI_FALSE=''
ENABLE_RTAI_TRUE='#'
ENABLE_RTDM='0'
ENABLE_RTDM_FALSE=''
ENABLE_RTDM_TRUE='#'
ENABLE_TTY='0'
ENABLE_TTY_FALSE=''
ENABLE_TTY_TRUE='#'
ENABLE_USERLIB_FALSE='#'
ENABLE_USERLIB_TRUE=''
ENABLE_XENOMAI='0'
ENABLE_XENOMAI_FALSE=''
ENABLE_XENOMAI_TRUE='#'
ETAGS='etags'
EXEEXT=''
FGREP='/usr/bin/grep -F'
GREP='/usr/bin/grep'
HAVE_SYSTEMD_FALSE='#'
HAVE_SYSTEMD_TRUE=''
INSTALL_DATA='${INSTALL} -m 644'
INSTALL_MOD_DIR='ethercat'
INSTALL_PROGRAM='${INSTALL}'
INSTALL_SCRIPT='${INSTALL}'
INSTALL_STRIP_PROGRAM='$(install_sh) -c -s'
KERNEL_8139TOO='5.15'
KERNEL_E1000='5.15'
KERNEL_E1000E='5.15'
KERNEL_E100='5.15'
KERNEL_GENET='5.15'
KERNEL_IGB='5.15'
KERNEL_IGC='5.15'
KERNEL_R8169='5.15'
LD='/usr/bin/ld -m elf_x86_64'
LDFLAGS=''
LIBOBJS=''
LIBS=''
LIBTOOL='$(SHELL) $(top_builddir)/libtool'
LINUX_SOURCE_DIR='/usr/src/linux-headers-5.15.0-1061-realtime'
LIPO=''
LN_S='ln -s'
LTLIBOBJS=''
LT_SYS_LIBRARY_PATH=''
MAKEINFO='${SHELL} '\''/home/fudanrobotuser/github/igh/ethercat/autoconf/missing'\'' makeinfo'
MANIFEST_TOOL=':'
MKDIR_P='/usr/bin/mkdir -p'
NM='/usr/bin/nm -B'
NMEDIT=''
OBJDUMP='objdump'
OBJEXT='o'
OTOOL64=''
OTOOL=''
PACKAGE='ethercat'
PACKAGE_BUGREPORT='fp@igh.de'
PACKAGE_NAME='ethercat'
PACKAGE_STRING='ethercat 1.5.2'
PACKAGE_TARNAME='ethercat'
PACKAGE_URL=''
PACKAGE_VERSION='1.5.2'
PATH_SEPARATOR=':'
PKG_CONFIG='/usr/bin/pkg-config'
PKG_CONFIG_LIBDIR=''
PKG_CONFIG_PATH=''
R8169_IN_SUBDIR=''
RANLIB='ranlib'
RTAI_DIR=''
RTAI_LXRT_CFLAGS=''
RTAI_LXRT_LDFLAGS=''
SED='/usr/bin/sed'
SET_MAKE=''
SHELL='/bin/bash'
STRIP='strip'
VERSION='1.5.2'
XENOMAI_DIR=''
XENOMAI_NATIVE_CFLAGS=''
XENOMAI_NATIVE_LDFLAGS=''
XENOMAI_POSIX_CFLAGS=''
XENOMAI_POSIX_LDFLAGS=''
XENOMAI_RTDM_CFLAGS=''
XENOMAI_RTDM_LDFLAGS=''
ac_ct_AR='ar'
ac_ct_CC='gcc'
ac_ct_CXX='g++'
ac_ct_DUMPBIN=''
am__EXEEXT_FALSE=''
am__EXEEXT_TRUE='#'
am__fastdepCC_FALSE='#'
am__fastdepCC_TRUE=''
am__fastdepCXX_FALSE='#'
am__fastdepCXX_TRUE=''
am__include='include'
am__isrc=''
am__leading_dot='.'
am__nodep='_no'
am__quote=''
am__tar='$${TAR-tar} chof - "$$tardir"'
am__untar='$${TAR-tar} xf -'
bindir='${exec_prefix}/bin'
build='x86_64-pc-linux-gnu'
build_alias=''
build_cpu='x86_64'
build_os='linux-gnu'
build_vendor='pc'
datadir='${datarootdir}'
datarootdir='${prefix}/share'
docdir='${datarootdir}/doc/${PACKAGE_TARNAME}'
dvidir='${docdir}'
exec_prefix='${prefix}'
host='x86_64-pc-linux-gnu'
host_alias=''
host_cpu='x86_64'
host_os='linux-gnu'
host_vendor='pc'
htmldir='${docdir}'
includedir='${prefix}/include'
infodir='${datarootdir}/info'
install_sh='${SHELL} /home/fudanrobotuser/github/igh/ethercat/autoconf/install-sh'
libdir='${exec_prefix}/lib'
libexecdir='${exec_prefix}/libexec'
localedir='${datarootdir}/locale'
localstatedir='${prefix}/var'
mandir='${datarootdir}/man'
mkdir_p='$(MKDIR_P)'
oldincludedir='/usr/include'
pdfdir='${docdir}'
pkgconfigdir='${libdir}/pkgconfig'
prefix='/usr/local/etherlab'
program_transform_name='s,x,x,'
psdir='${docdir}'
runstatedir='${localstatedir}/run'
sbindir='${exec_prefix}/sbin'
sharedstatedir='${prefix}/com'
sysconfdir='${prefix}/etc'
systemdsystemunitdir='/lib/systemd/system'
target_alias=''

## ----------- ##
## confdefs.h. ##
## ----------- ##

/* confdefs.h */
#define PACKAGE_NAME "ethercat"
#define PACKAGE_TARNAME "ethercat"
#define PACKAGE_VERSION "1.5.2"
#define PACKAGE_STRING "ethercat 1.5.2"
#define PACKAGE_BUGREPORT "fp@igh.de"
#define PACKAGE_URL ""
#define PACKAGE "ethercat"
#define VERSION "1.5.2"
#define HAVE_STDIO_H 1
#define HAVE_STDLIB_H 1
#define HAVE_STRING_H 1
#define HAVE_INTTYPES_H 1
#define HAVE_STDINT_H 1
#define HAVE_STRINGS_H 1
#define HAVE_SYS_STAT_H 1
#define HAVE_SYS_TYPES_H 1
#define HAVE_UNISTD_H 1
#define STDC_HEADERS 1
#define HAVE_DLFCN_H 1
#define LT_OBJDIR ".libs/"
#define EC_MAX_NUM_DEVICES 1
#define EC_SII_ASSIGN 1
#define EC_RT_SYSLOG 1

configure: exit 0

## ---------------------- ##
## Running config.status. ##
## ---------------------- ##

This file was extended by ethercat config.status 1.5.2, which was
generated by GNU Autoconf 2.71.  Invocation command line was

  CONFIG_FILES    = 
  CONFIG_HEADERS  = 
  CONFIG_LINKS    = 
  CONFIG_COMMANDS = 
  $ ./config.status config.h

on 111

config.status:1276: creating config.h
config.status:1457: config.h is unchanged
